<?xml version="1.0" encoding="UTF-8"?>
<testng-results total="15" passed="13" failed="2" skipped="0">
  <reporter-output>
  </reporter-output>
  <suite started-at="2019-08-12T10:53:49Z" name="Default suite" finished-at="2019-08-12T10:55:14Z" duration-ms="85622">
    <groups>
    </groups>
    <test started-at="2019-08-12T10:53:49Z" name="Default test" finished-at="2019-08-12T10:55:14Z" duration-ms="85622">
      <class name="com.qa.studentstoreAtumation.ResetPasswordTest">
        <test-method signature="launch_driver()[pri:0, instance:com.qa.studentstoreAtumation.ResetPasswordTest@797badd3]" started-at="2019-08-12T16:23:49Z" name="launch_driver" finished-at="2019-08-12T16:24:03Z" duration-ms="14378" status="PASS">
          <reporter-output>
          </reporter-output>
        </test-method> <!-- launch_driver -->
        <test-method signature="click_on_signup()[pri:0, instance:com.qa.studentstoreAtumation.ResetPasswordTest@797badd3]" started-at="2019-08-12T16:24:03Z" name="click_on_signup" finished-at="2019-08-12T16:24:06Z" duration-ms="2812" status="PASS">
          <reporter-output>
          </reporter-output>
        </test-method> <!-- click_on_signup -->
        <test-method signature="fill_credentials()[pri:0, instance:com.qa.studentstoreAtumation.ResetPasswordTest@797badd3]" started-at="2019-08-12T16:24:06Z" name="fill_credentials" finished-at="2019-08-12T16:24:07Z" duration-ms="695" status="PASS">
          <reporter-output>
          </reporter-output>
        </test-method> <!-- fill_credentials -->
        <test-method signature="for_resetPassword()[pri:0, instance:com.qa.studentstoreAtumation.ResetPasswordTest@797badd3]" started-at="2019-08-12T16:24:07Z" name="for_resetPassword" finished-at="2019-08-12T16:24:27Z" duration-ms="20174" status="PASS">
          <reporter-output>
          </reporter-output>
        </test-method> <!-- for_resetPassword -->
        <test-method signature="fill_idandscQ()[pri:0, instance:com.qa.studentstoreAtumation.ResetPasswordTest@797badd3]" started-at="2019-08-12T16:24:27Z" name="fill_idandscQ" finished-at="2019-08-12T16:24:28Z" duration-ms="742" status="PASS">
          <reporter-output>
          </reporter-output>
        </test-method> <!-- fill_idandscQ -->
        <test-method signature="launch_gmail_page()[pri:0, instance:com.qa.studentstoreAtumation.ResetPasswordTest@797badd3]" started-at="2019-08-12T16:24:28Z" name="launch_gmail_page" finished-at="2019-08-12T16:24:33Z" duration-ms="5044" status="PASS">
          <reporter-output>
          </reporter-output>
        </test-method> <!-- launch_gmail_page -->
        <test-method signature="login_by_gmail()[pri:0, instance:com.qa.studentstoreAtumation.ResetPasswordTest@797badd3]" started-at="2019-08-12T16:24:33Z" name="login_by_gmail" finished-at="2019-08-12T16:24:34Z" duration-ms="1514" status="PASS">
          <reporter-output>
          </reporter-output>
        </test-method> <!-- login_by_gmail -->
        <test-method signature="search_mail()[pri:0, instance:com.qa.studentstoreAtumation.ResetPasswordTest@797badd3]" started-at="2019-08-12T16:24:34Z" name="search_mail" finished-at="2019-08-12T16:24:57Z" duration-ms="22370" status="PASS">
          <reporter-output>
          </reporter-output>
        </test-method> <!-- search_mail -->
        <test-method signature="logo_verify()[pri:0, instance:com.qa.studentstoreAtumation.ResetPasswordTest@797badd3]" started-at="2019-08-12T16:24:57Z" name="logo_verify" finished-at="2019-08-12T16:25:07Z" duration-ms="10035" status="PASS">
          <reporter-output>
          </reporter-output>
        </test-method> <!-- logo_verify -->
        <test-method signature="Ids_verify()[pri:0, instance:com.qa.studentstoreAtumation.ResetPasswordTest@797badd3]" started-at="2019-08-12T16:25:07Z" name="Ids_verify" finished-at="2019-08-12T16:25:07Z" duration-ms="128" status="FAIL">
          <exception class="java.lang.AssertionError">
            <message>
              <![CDATA[expected [noreply@mldev.cloud] but found []]]>
            </message>
            <full-stacktrace>
              <![CDATA[java.lang.AssertionError: expected [noreply@mldev.cloud] but found []
	at org.testng.Assert.fail(Assert.java:94)
	at org.testng.Assert.failNotEquals(Assert.java:494)
	at org.testng.Assert.assertEquals(Assert.java:123)
	at org.testng.Assert.assertEquals(Assert.java:176)
	at org.testng.Assert.assertEquals(Assert.java:186)
	at com.qa.studentstoreAtumation.ForgetPasswordAction.Id_verify(ForgetPasswordAction.java:120)
	at com.qa.studentstoreAtumation.ResetPasswordAction.Id_verify(ResetPasswordAction.java:43)
	at com.qa.studentstoreAtumation.ResetPasswordTest.Ids_verify(ResetPasswordTest.java:49)
	at java.base/jdk.internal.reflect.NativeMethodAccessorImpl.invoke0(Native Method)
	at java.base/jdk.internal.reflect.NativeMethodAccessorImpl.invoke(NativeMethodAccessorImpl.java:62)
	at java.base/jdk.internal.reflect.DelegatingMethodAccessorImpl.invoke(DelegatingMethodAccessorImpl.java:43)
	at java.base/java.lang.reflect.Method.invoke(Method.java:567)
	at org.testng.internal.MethodInvocationHelper.invokeMethod(MethodInvocationHelper.java:84)
	at org.testng.internal.Invoker.invokeMethod(Invoker.java:714)
	at org.testng.internal.Invoker.invokeTestMethod(Invoker.java:901)
	at org.testng.internal.Invoker.invokeTestMethods(Invoker.java:1231)
	at org.testng.internal.TestMethodWorker.invokeTestMethods(TestMethodWorker.java:127)
	at org.testng.internal.TestMethodWorker.run(TestMethodWorker.java:111)
	at org.testng.TestRunner.privateRun(TestRunner.java:767)
	at org.testng.TestRunner.run(TestRunner.java:617)
	at org.testng.SuiteRunner.runTest(SuiteRunner.java:348)
	at org.testng.SuiteRunner.runSequentially(SuiteRunner.java:343)
	at org.testng.SuiteRunner.privateRun(SuiteRunner.java:305)
	at org.testng.SuiteRunner.run(SuiteRunner.java:254)
	at org.testng.SuiteRunnerWorker.runSuite(SuiteRunnerWorker.java:52)
	at org.testng.SuiteRunnerWorker.run(SuiteRunnerWorker.java:86)
	at org.testng.TestNG.runSuitesSequentially(TestNG.java:1224)
	at org.testng.TestNG.runSuitesLocally(TestNG.java:1149)
	at org.testng.TestNG.run(TestNG.java:1057)
	at org.testng.remote.AbstractRemoteTestNG.run(AbstractRemoteTestNG.java:115)
	at org.testng.remote.RemoteTestNG.initAndRun(RemoteTestNG.java:251)
	at org.testng.remote.RemoteTestNG.main(RemoteTestNG.java:77)
]]>
            </full-stacktrace>
          </exception> <!-- java.lang.AssertionError -->
          <reporter-output>
          </reporter-output>
        </test-method> <!-- Ids_verify -->
        <test-method signature="clickOn_resetpassword()[pri:0, instance:com.qa.studentstoreAtumation.ResetPasswordTest@797badd3]" started-at="2019-08-12T16:25:07Z" name="clickOn_resetpassword" finished-at="2019-08-12T16:25:07Z" duration-ms="156" status="PASS">
          <reporter-output>
          </reporter-output>
        </test-method> <!-- clickOn_resetpassword -->
        <test-method signature="link_verify()[pri:0, instance:com.qa.studentstoreAtumation.ResetPasswordTest@797badd3]" started-at="2019-08-12T16:25:07Z" name="link_verify" finished-at="2019-08-12T16:25:07Z" duration-ms="62" status="PASS">
          <reporter-output>
          </reporter-output>
        </test-method> <!-- link_verify -->
        <test-method signature="content_verify()[pri:0, instance:com.qa.studentstoreAtumation.ResetPasswordTest@797badd3]" started-at="2019-08-12T16:25:07Z" name="content_verify" finished-at="2019-08-12T16:25:07Z" duration-ms="116" status="PASS">
          <reporter-output>
          </reporter-output>
        </test-method> <!-- content_verify -->
        <test-method signature="fill_newPassword()[pri:0, instance:com.qa.studentstoreAtumation.ResetPasswordTest@797badd3]" started-at="2019-08-12T16:25:07Z" name="fill_newPassword" finished-at="2019-08-12T16:25:08Z" duration-ms="994" status="PASS">
          <reporter-output>
          </reporter-output>
        </test-method> <!-- fill_newPassword -->
        <test-method signature="again_login()[pri:0, instance:com.qa.studentstoreAtumation.ResetPasswordTest@797badd3]" started-at="2019-08-12T16:25:08Z" name="again_login" finished-at="2019-08-12T16:25:14Z" duration-ms="6369" status="FAIL">
          <exception class="org.openqa.selenium.NoSuchElementException">
            <message>
              <![CDATA[no such element: Unable to locate element: {"method":"css selector","selector":"input[type="email"]	"}
  (Session info: chrome=75.0.3770.100)
For documentation on this error, please visit: https://www.seleniumhq.org/exceptions/no_such_element.html
Build info: version: '3.141.59', revision: 'e82be7d358', time: '2018-11-14T08:17:03'
System info: host: 'asda1777po02529', ip: '127.0.1.1', os.name: 'Linux', os.arch: 'amd64', os.version: '4.4.0-157-generic', java.version: '12.0.1'
Driver info: org.openqa.selenium.chrome.ChromeDriver
Capabilities {acceptInsecureCerts: false, browserName: chrome, browserVersion: 75.0.3770.100, chrome: {chromedriverVersion: 75.0.3770.90 (a6dcaf7e3ec6f..., userDataDir: /tmp/.com.google.Chrome.2OnoUy}, goog:chromeOptions: {debuggerAddress: localhost:35014}, javascriptEnabled: true, networkConnectionEnabled: false, pageLoadStrategy: normal, platform: LINUX, platformName: LINUX, proxy: Proxy(), setWindowRect: true, strictFileInteractability: false, timeouts: {implicit: 0, pageLoad: 300000, script: 30000}, unhandledPromptBehavior: dismiss and notify}
Session ID: e6192b6665182a7dbf98b32c0511cca8
*** Element info: {Using=css selector, value=input[type="email"]	}]]>
            </message>
            <full-stacktrace>
              <![CDATA[org.openqa.selenium.NoSuchElementException: no such element: Unable to locate element: {"method":"css selector","selector":"input[type="email"]	"}
  (Session info: chrome=75.0.3770.100)
For documentation on this error, please visit: https://www.seleniumhq.org/exceptions/no_such_element.html
Build info: version: '3.141.59', revision: 'e82be7d358', time: '2018-11-14T08:17:03'
System info: host: 'asda1777po02529', ip: '127.0.1.1', os.name: 'Linux', os.arch: 'amd64', os.version: '4.4.0-157-generic', java.version: '12.0.1'
Driver info: org.openqa.selenium.chrome.ChromeDriver
Capabilities {acceptInsecureCerts: false, browserName: chrome, browserVersion: 75.0.3770.100, chrome: {chromedriverVersion: 75.0.3770.90 (a6dcaf7e3ec6f..., userDataDir: /tmp/.com.google.Chrome.2OnoUy}, goog:chromeOptions: {debuggerAddress: localhost:35014}, javascriptEnabled: true, networkConnectionEnabled: false, pageLoadStrategy: normal, platform: LINUX, platformName: LINUX, proxy: Proxy(), setWindowRect: true, strictFileInteractability: false, timeouts: {implicit: 0, pageLoad: 300000, script: 30000}, unhandledPromptBehavior: dismiss and notify}
Session ID: e6192b6665182a7dbf98b32c0511cca8
*** Element info: {Using=css selector, value=input[type="email"]	}
	at java.base/jdk.internal.reflect.NativeConstructorAccessorImpl.newInstance0(Native Method)
	at java.base/jdk.internal.reflect.NativeConstructorAccessorImpl.newInstance(NativeConstructorAccessorImpl.java:62)
	at java.base/jdk.internal.reflect.DelegatingConstructorAccessorImpl.newInstance(DelegatingConstructorAccessorImpl.java:45)
	at java.base/java.lang.reflect.Constructor.newInstanceWithCaller(Constructor.java:500)
	at java.base/java.lang.reflect.Constructor.newInstance(Constructor.java:481)
	at org.openqa.selenium.remote.http.W3CHttpResponseCodec.createException(W3CHttpResponseCodec.java:187)
	at org.openqa.selenium.remote.http.W3CHttpResponseCodec.decode(W3CHttpResponseCodec.java:122)
	at org.openqa.selenium.remote.http.W3CHttpResponseCodec.decode(W3CHttpResponseCodec.java:49)
	at org.openqa.selenium.remote.HttpCommandExecutor.execute(HttpCommandExecutor.java:158)
	at org.openqa.selenium.remote.service.DriverCommandExecutor.execute(DriverCommandExecutor.java:83)
	at org.openqa.selenium.remote.RemoteWebDriver.execute(RemoteWebDriver.java:552)
	at org.openqa.selenium.remote.RemoteWebDriver.findElement(RemoteWebDriver.java:323)
	at org.openqa.selenium.remote.RemoteWebDriver.findElementByCssSelector(RemoteWebDriver.java:420)
	at org.openqa.selenium.By$ByCssSelector.findElement(By.java:431)
	at org.openqa.selenium.remote.RemoteWebDriver.findElement(RemoteWebDriver.java:315)
	at com.qa.studentstoreAtumation.DataRead.getElement(DataRead.java:67)
	at com.qa.studentstoreAtumation.ForgetPasswordAction.login(ForgetPasswordAction.java:164)
	at com.qa.studentstoreAtumation.ResetPasswordAction.login(ResetPasswordAction.java:59)
	at com.qa.studentstoreAtumation.ResetPasswordTest.again_login(ResetPasswordTest.java:69)
	at java.base/jdk.internal.reflect.NativeMethodAccessorImpl.invoke0(Native Method)
	at java.base/jdk.internal.reflect.NativeMethodAccessorImpl.invoke(NativeMethodAccessorImpl.java:62)
	at java.base/jdk.internal.reflect.DelegatingMethodAccessorImpl.invoke(DelegatingMethodAccessorImpl.java:43)
	at java.base/java.lang.reflect.Method.invoke(Method.java:567)
	at org.testng.internal.MethodInvocationHelper.invokeMethod(MethodInvocationHelper.java:84)
	at org.testng.internal.Invoker.invokeMethod(Invoker.java:714)
	at org.testng.internal.Invoker.invokeTestMethod(Invoker.java:901)
	at org.testng.internal.Invoker.invokeTestMethods(Invoker.java:1231)
	at org.testng.internal.TestMethodWorker.invokeTestMethods(TestMethodWorker.java:127)
	at org.testng.internal.TestMethodWorker.run(TestMethodWorker.java:111)
	at org.testng.TestRunner.privateRun(TestRunner.java:767)
	at org.testng.TestRunner.run(TestRunner.java:617)
	at org.testng.SuiteRunner.runTest(SuiteRunner.java:348)
	at org.testng.SuiteRunner.runSequentially(SuiteRunner.java:343)
	at org.testng.SuiteRunner.privateRun(SuiteRunner.java:305)
	at org.testng.SuiteRunner.run(SuiteRunner.java:254)
	at org.testng.SuiteRunnerWorker.runSuite(SuiteRunnerWorker.java:52)
	at org.testng.SuiteRunnerWorker.run(SuiteRunnerWorker.java:86)
	at org.testng.TestNG.runSuitesSequentially(TestNG.java:1224)
	at org.testng.TestNG.runSuitesLocally(TestNG.java:1149)
	at org.testng.TestNG.run(TestNG.java:1057)
	at org.testng.remote.AbstractRemoteTestNG.run(AbstractRemoteTestNG.java:115)
	at org.testng.remote.RemoteTestNG.initAndRun(RemoteTestNG.java:251)
	at org.testng.remote.RemoteTestNG.main(RemoteTestNG.java:77)
]]>
            </full-stacktrace>
          </exception> <!-- org.openqa.selenium.NoSuchElementException -->
          <reporter-output>
          </reporter-output>
        </test-method> <!-- again_login -->
      </class> <!-- com.qa.studentstoreAtumation.ResetPasswordTest -->
    </test> <!-- Default test -->
  </suite> <!-- Default suite -->
</testng-results>
